The system is: Linux - 6.1.4_1 - x86_64
Compiling the C compiler identification source file "CMakeCCompilerId.c" succeeded.
Compiler: /bin/cc 
Build flags: 
Id flags:  

The output was:
0


Compilation of the C compiler identification source "CMakeCCompilerId.c" produced "a.out"

The C compiler identification is GNU, found in "/home/gary/repos/mbms/util/build/CMakeFiles/3.25.1/CompilerIdC/a.out"

Compiling the CXX compiler identification source file "CMakeCXXCompilerId.cpp" succeeded.
Compiler: /bin/c++ 
Build flags: 
Id flags:  

The output was:
0


Compilation of the CXX compiler identification source "CMakeCXXCompilerId.cpp" produced "a.out"

The CXX compiler identification is GNU, found in "/home/gary/repos/mbms/util/build/CMakeFiles/3.25.1/CompilerIdCXX/a.out"

Detecting C compiler ABI info compiled with the following output:
Change Dir: /home/gary/repos/mbms/util/build/CMakeFiles/CMakeScratch/TryCompile-i40XOl

Run Build Command(s):/bin/make -f Makefile cmTC_3275c/fast && /bin/make  -f CMakeFiles/cmTC_3275c.dir/build.make CMakeFiles/cmTC_3275c.dir/build
make[1]: Entering directory '/home/gary/repos/mbms/util/build/CMakeFiles/CMakeScratch/TryCompile-i40XOl'
Building C object CMakeFiles/cmTC_3275c.dir/CMakeCCompilerABI.c.o
/bin/cc   -v -o CMakeFiles/cmTC_3275c.dir/CMakeCCompilerABI.c.o -c /usr/share/cmake-3.25/Modules/CMakeCCompilerABI.c
Using built-in specs.
COLLECT_GCC=/bin/cc
Target: x86_64-unknown-linux-gnu
Configured with: /builddir/gcc-12.2.0/configure --build=x86_64-unknown-linux-gnu --enable-gnu-unique-object --enable-vtable-verify --prefix=/usr --mandir=/usr/share/man --infodir=/usr/share/info --libexecdir=/usr/lib64 --libdir=/usr/lib64 --enable-threads=posix --enable-__cxa_atexit --disable-multilib --with-system-zlib --enable-shared --enable-lto --enable-plugins --enable-linker-build-id --disable-werror --disable-nls --enable-default-pie --enable-default-ssp --enable-checking=release --disable-libstdcxx-pch --with-isl --with-linker-hash-style=gnu --disable-sjlj-exceptions --disable-target-libiberty --enable-languages=c,c++,objc,obj-c++,fortran,lto,go,ada
Thread model: posix
Supported LTO compression algorithms: zlib zstd
gcc version 12.2.0 (GCC) 
COLLECT_GCC_OPTIONS='-v' '-o' 'CMakeFiles/cmTC_3275c.dir/CMakeCCompilerABI.c.o' '-c' '-mtune=generic' '-march=x86-64' '-dumpdir' 'CMakeFiles/cmTC_3275c.dir/'
 /usr/lib64/gcc/x86_64-unknown-linux-gnu/12.2.0/cc1 -quiet -v /usr/share/cmake-3.25/Modules/CMakeCCompilerABI.c -quiet -dumpdir CMakeFiles/cmTC_3275c.dir/ -dumpbase CMakeCCompilerABI.c.c -dumpbase-ext .c -mtune=generic -march=x86-64 -version -o /tmp/ccC96gqV.s
GNU C17 (GCC) version 12.2.0 (x86_64-unknown-linux-gnu)
	compiled by GNU C version 12.2.0, GMP version 6.2.1, MPFR version 4.1.0, MPC version 1.2.1, isl version isl-0.24-GMP

GGC heuristics: --param ggc-min-expand=100 --param ggc-min-heapsize=131072
ignoring nonexistent directory "/usr/lib64/gcc/x86_64-unknown-linux-gnu/12.2.0/../../../../x86_64-unknown-linux-gnu/include"
#include "..." search starts here:
#include <...> search starts here:
 /usr/lib64/gcc/x86_64-unknown-linux-gnu/12.2.0/include
 /usr/local/include
 /usr/lib64/gcc/x86_64-unknown-linux-gnu/12.2.0/include-fixed
 /usr/include
End of search list.
GNU C17 (GCC) version 12.2.0 (x86_64-unknown-linux-gnu)
	compiled by GNU C version 12.2.0, GMP version 6.2.1, MPFR version 4.1.0, MPC version 1.2.1, isl version isl-0.24-GMP

GGC heuristics: --param ggc-min-expand=100 --param ggc-min-heapsize=131072
Compiler executable checksum: 8537a9d4530e8dfdc3845cf8d86bfec5
COLLECT_GCC_OPTIONS='-v' '-o' 'CMakeFiles/cmTC_3275c.dir/CMakeCCompilerABI.c.o' '-c' '-mtune=generic' '-march=x86-64' '-dumpdir' 'CMakeFiles/cmTC_3275c.dir/'
 as -v --64 -o CMakeFiles/cmTC_3275c.dir/CMakeCCompilerABI.c.o /tmp/ccC96gqV.s
GNU assembler version 2.39 (x86_64-unknown-linux-gnu) using BFD version (GNU Binutils) 2.39
COMPILER_PATH=/usr/lib64/gcc/x86_64-unknown-linux-gnu/12.2.0/:/usr/lib64/gcc/x86_64-unknown-linux-gnu/12.2.0/:/usr/lib64/gcc/x86_64-unknown-linux-gnu/:/usr/lib64/gcc/x86_64-unknown-linux-gnu/12.2.0/:/usr/lib64/gcc/x86_64-unknown-linux-gnu/
LIBRARY_PATH=/usr/lib64/gcc/x86_64-unknown-linux-gnu/12.2.0/:/usr/lib64/gcc/x86_64-unknown-linux-gnu/12.2.0/../../../../lib64/:/lib/../lib64/:/usr/lib/../lib64/:/usr/lib64/gcc/x86_64-unknown-linux-gnu/12.2.0/../../../:/lib/:/usr/lib/
COLLECT_GCC_OPTIONS='-v' '-o' 'CMakeFiles/cmTC_3275c.dir/CMakeCCompilerABI.c.o' '-c' '-mtune=generic' '-march=x86-64' '-dumpdir' 'CMakeFiles/cmTC_3275c.dir/CMakeCCompilerABI.c.'
Linking C executable cmTC_3275c
/usr/bin/cmake -E cmake_link_script CMakeFiles/cmTC_3275c.dir/link.txt --verbose=1
/bin/cc  -v CMakeFiles/cmTC_3275c.dir/CMakeCCompilerABI.c.o -o cmTC_3275c 
Using built-in specs.
COLLECT_GCC=/bin/cc
COLLECT_LTO_WRAPPER=/usr/lib64/gcc/x86_64-unknown-linux-gnu/12.2.0/lto-wrapper
Target: x86_64-unknown-linux-gnu
Configured with: /builddir/gcc-12.2.0/configure --build=x86_64-unknown-linux-gnu --enable-gnu-unique-object --enable-vtable-verify --prefix=/usr --mandir=/usr/share/man --infodir=/usr/share/info --libexecdir=/usr/lib64 --libdir=/usr/lib64 --enable-threads=posix --enable-__cxa_atexit --disable-multilib --with-system-zlib --enable-shared --enable-lto --enable-plugins --enable-linker-build-id --disable-werror --disable-nls --enable-default-pie --enable-default-ssp --enable-checking=release --disable-libstdcxx-pch --with-isl --with-linker-hash-style=gnu --disable-sjlj-exceptions --disable-target-libiberty --enable-languages=c,c++,objc,obj-c++,fortran,lto,go,ada
Thread model: posix
Supported LTO compression algorithms: zlib zstd
gcc version 12.2.0 (GCC) 
COMPILER_PATH=/usr/lib64/gcc/x86_64-unknown-linux-gnu/12.2.0/:/usr/lib64/gcc/x86_64-unknown-linux-gnu/12.2.0/:/usr/lib64/gcc/x86_64-unknown-linux-gnu/:/usr/lib64/gcc/x86_64-unknown-linux-gnu/12.2.0/:/usr/lib64/gcc/x86_64-unknown-linux-gnu/
LIBRARY_PATH=/usr/lib64/gcc/x86_64-unknown-linux-gnu/12.2.0/:/usr/lib64/gcc/x86_64-unknown-linux-gnu/12.2.0/../../../../lib64/:/lib/../lib64/:/usr/lib/../lib64/:/usr/lib64/gcc/x86_64-unknown-linux-gnu/12.2.0/../../../:/lib/:/usr/lib/
COLLECT_GCC_OPTIONS='-v' '-o' 'cmTC_3275c' '-mtune=generic' '-march=x86-64' '-dumpdir' 'cmTC_3275c.'
 /usr/lib64/gcc/x86_64-unknown-linux-gnu/12.2.0/collect2 -plugin /usr/lib64/gcc/x86_64-unknown-linux-gnu/12.2.0/liblto_plugin.so -plugin-opt=/usr/lib64/gcc/x86_64-unknown-linux-gnu/12.2.0/lto-wrapper -plugin-opt=-fresolution=/tmp/ccUhj9V5.res -plugin-opt=-pass-through=-lgcc -plugin-opt=-pass-through=-lgcc_s -plugin-opt=-pass-through=-lc -plugin-opt=-pass-through=-lgcc -plugin-opt=-pass-through=-lgcc_s --build-id --eh-frame-hdr --hash-style=gnu -m elf_x86_64 -dynamic-linker /lib64/ld-linux-x86-64.so.2 -pie -o cmTC_3275c /usr/lib64/gcc/x86_64-unknown-linux-gnu/12.2.0/../../../../lib64/Scrt1.o /usr/lib64/gcc/x86_64-unknown-linux-gnu/12.2.0/../../../../lib64/crti.o /usr/lib64/gcc/x86_64-unknown-linux-gnu/12.2.0/crtbeginS.o -L/usr/lib64/gcc/x86_64-unknown-linux-gnu/12.2.0 -L/usr/lib64/gcc/x86_64-unknown-linux-gnu/12.2.0/../../../../lib64 -L/lib/../lib64 -L/usr/lib/../lib64 -L/usr/lib64/gcc/x86_64-unknown-linux-gnu/12.2.0/../../.. CMakeFiles/cmTC_3275c.dir/CMakeCCompilerABI.c.o -lgcc --push-state --as-needed -lgcc_s --pop-state -lc -lgcc --push-state --as-needed -lgcc_s --pop-state /usr/lib64/gcc/x86_64-unknown-linux-gnu/12.2.0/crtendS.o /usr/lib64/gcc/x86_64-unknown-linux-gnu/12.2.0/../../../../lib64/crtn.o
COLLECT_GCC_OPTIONS='-v' '-o' 'cmTC_3275c' '-mtune=generic' '-march=x86-64' '-dumpdir' 'cmTC_3275c.'
make[1]: Leaving directory '/home/gary/repos/mbms/util/build/CMakeFiles/CMakeScratch/TryCompile-i40XOl'



Parsed C implicit include dir info from above output: rv=done
  found start of include info
  found start of implicit include info
    add: [/usr/lib64/gcc/x86_64-unknown-linux-gnu/12.2.0/include]
    add: [/usr/local/include]
    add: [/usr/lib64/gcc/x86_64-unknown-linux-gnu/12.2.0/include-fixed]
    add: [/usr/include]
  end of search list found
  collapse include dir [/usr/lib64/gcc/x86_64-unknown-linux-gnu/12.2.0/include] ==> [/usr/lib64/gcc/x86_64-unknown-linux-gnu/12.2.0/include]
  collapse include dir [/usr/local/include] ==> [/usr/local/include]
  collapse include dir [/usr/lib64/gcc/x86_64-unknown-linux-gnu/12.2.0/include-fixed] ==> [/usr/lib64/gcc/x86_64-unknown-linux-gnu/12.2.0/include-fixed]
  collapse include dir [/usr/include] ==> [/usr/include]
  implicit include dirs: [/usr/lib64/gcc/x86_64-unknown-linux-gnu/12.2.0/include;/usr/local/include;/usr/lib64/gcc/x86_64-unknown-linux-gnu/12.2.0/include-fixed;/usr/include]


Parsed C implicit link information from above output:
  link line regex: [^( *|.*[/\])(ld|CMAKE_LINK_STARTFILE-NOTFOUND|([^/\]+-)?ld|collect2)[^/\]*( |$)]
  ignore line: [Change Dir: /home/gary/repos/mbms/util/build/CMakeFiles/CMakeScratch/TryCompile-i40XOl]
  ignore line: []
  ignore line: [Run Build Command(s):/bin/make -f Makefile cmTC_3275c/fast && /bin/make  -f CMakeFiles/cmTC_3275c.dir/build.make CMakeFiles/cmTC_3275c.dir/build]
  ignore line: [make[1]: Entering directory '/home/gary/repos/mbms/util/build/CMakeFiles/CMakeScratch/TryCompile-i40XOl']
  ignore line: [Building C object CMakeFiles/cmTC_3275c.dir/CMakeCCompilerABI.c.o]
  ignore line: [/bin/cc   -v -o CMakeFiles/cmTC_3275c.dir/CMakeCCompilerABI.c.o -c /usr/share/cmake-3.25/Modules/CMakeCCompilerABI.c]
  ignore line: [Using built-in specs.]
  ignore line: [COLLECT_GCC=/bin/cc]
  ignore line: [Target: x86_64-unknown-linux-gnu]
  ignore line: [Configured with: /builddir/gcc-12.2.0/configure --build=x86_64-unknown-linux-gnu --enable-gnu-unique-object --enable-vtable-verify --prefix=/usr --mandir=/usr/share/man --infodir=/usr/share/info --libexecdir=/usr/lib64 --libdir=/usr/lib64 --enable-threads=posix --enable-__cxa_atexit --disable-multilib --with-system-zlib --enable-shared --enable-lto --enable-plugins --enable-linker-build-id --disable-werror --disable-nls --enable-default-pie --enable-default-ssp --enable-checking=release --disable-libstdcxx-pch --with-isl --with-linker-hash-style=gnu --disable-sjlj-exceptions --disable-target-libiberty --enable-languages=c c++ objc obj-c++ fortran lto go ada]
  ignore line: [Thread model: posix]
  ignore line: [Supported LTO compression algorithms: zlib zstd]
  ignore line: [gcc version 12.2.0 (GCC) ]
  ignore line: [COLLECT_GCC_OPTIONS='-v' '-o' 'CMakeFiles/cmTC_3275c.dir/CMakeCCompilerABI.c.o' '-c' '-mtune=generic' '-march=x86-64' '-dumpdir' 'CMakeFiles/cmTC_3275c.dir/']
  ignore line: [ /usr/lib64/gcc/x86_64-unknown-linux-gnu/12.2.0/cc1 -quiet -v /usr/share/cmake-3.25/Modules/CMakeCCompilerABI.c -quiet -dumpdir CMakeFiles/cmTC_3275c.dir/ -dumpbase CMakeCCompilerABI.c.c -dumpbase-ext .c -mtune=generic -march=x86-64 -version -o /tmp/ccC96gqV.s]
  ignore line: [GNU C17 (GCC) version 12.2.0 (x86_64-unknown-linux-gnu)]
  ignore line: [	compiled by GNU C version 12.2.0  GMP version 6.2.1  MPFR version 4.1.0  MPC version 1.2.1  isl version isl-0.24-GMP]
  ignore line: []
  ignore line: [GGC heuristics: --param ggc-min-expand=100 --param ggc-min-heapsize=131072]
  ignore line: [ignoring nonexistent directory "/usr/lib64/gcc/x86_64-unknown-linux-gnu/12.2.0/../../../../x86_64-unknown-linux-gnu/include"]
  ignore line: [#include "..." search starts here:]
  ignore line: [#include <...> search starts here:]
  ignore line: [ /usr/lib64/gcc/x86_64-unknown-linux-gnu/12.2.0/include]
  ignore line: [ /usr/local/include]
  ignore line: [ /usr/lib64/gcc/x86_64-unknown-linux-gnu/12.2.0/include-fixed]
  ignore line: [ /usr/include]
  ignore line: [End of search list.]
  ignore line: [GNU C17 (GCC) version 12.2.0 (x86_64-unknown-linux-gnu)]
  ignore line: [	compiled by GNU C version 12.2.0  GMP version 6.2.1  MPFR version 4.1.0  MPC version 1.2.1  isl version isl-0.24-GMP]
  ignore line: []
  ignore line: [GGC heuristics: --param ggc-min-expand=100 --param ggc-min-heapsize=131072]
  ignore line: [Compiler executable checksum: 8537a9d4530e8dfdc3845cf8d86bfec5]
  ignore line: [COLLECT_GCC_OPTIONS='-v' '-o' 'CMakeFiles/cmTC_3275c.dir/CMakeCCompilerABI.c.o' '-c' '-mtune=generic' '-march=x86-64' '-dumpdir' 'CMakeFiles/cmTC_3275c.dir/']
  ignore line: [ as -v --64 -o CMakeFiles/cmTC_3275c.dir/CMakeCCompilerABI.c.o /tmp/ccC96gqV.s]
  ignore line: [GNU assembler version 2.39 (x86_64-unknown-linux-gnu) using BFD version (GNU Binutils) 2.39]
  ignore line: [COMPILER_PATH=/usr/lib64/gcc/x86_64-unknown-linux-gnu/12.2.0/:/usr/lib64/gcc/x86_64-unknown-linux-gnu/12.2.0/:/usr/lib64/gcc/x86_64-unknown-linux-gnu/:/usr/lib64/gcc/x86_64-unknown-linux-gnu/12.2.0/:/usr/lib64/gcc/x86_64-unknown-linux-gnu/]
  ignore line: [LIBRARY_PATH=/usr/lib64/gcc/x86_64-unknown-linux-gnu/12.2.0/:/usr/lib64/gcc/x86_64-unknown-linux-gnu/12.2.0/../../../../lib64/:/lib/../lib64/:/usr/lib/../lib64/:/usr/lib64/gcc/x86_64-unknown-linux-gnu/12.2.0/../../../:/lib/:/usr/lib/]
  ignore line: [COLLECT_GCC_OPTIONS='-v' '-o' 'CMakeFiles/cmTC_3275c.dir/CMakeCCompilerABI.c.o' '-c' '-mtune=generic' '-march=x86-64' '-dumpdir' 'CMakeFiles/cmTC_3275c.dir/CMakeCCompilerABI.c.']
  ignore line: [Linking C executable cmTC_3275c]
  ignore line: [/usr/bin/cmake -E cmake_link_script CMakeFiles/cmTC_3275c.dir/link.txt --verbose=1]
  ignore line: [/bin/cc  -v CMakeFiles/cmTC_3275c.dir/CMakeCCompilerABI.c.o -o cmTC_3275c ]
  ignore line: [Using built-in specs.]
  ignore line: [COLLECT_GCC=/bin/cc]
  ignore line: [COLLECT_LTO_WRAPPER=/usr/lib64/gcc/x86_64-unknown-linux-gnu/12.2.0/lto-wrapper]
  ignore line: [Target: x86_64-unknown-linux-gnu]
  ignore line: [Configured with: /builddir/gcc-12.2.0/configure --build=x86_64-unknown-linux-gnu --enable-gnu-unique-object --enable-vtable-verify --prefix=/usr --mandir=/usr/share/man --infodir=/usr/share/info --libexecdir=/usr/lib64 --libdir=/usr/lib64 --enable-threads=posix --enable-__cxa_atexit --disable-multilib --with-system-zlib --enable-shared --enable-lto --enable-plugins --enable-linker-build-id --disable-werror --disable-nls --enable-default-pie --enable-default-ssp --enable-checking=release --disable-libstdcxx-pch --with-isl --with-linker-hash-style=gnu --disable-sjlj-exceptions --disable-target-libiberty --enable-languages=c c++ objc obj-c++ fortran lto go ada]
  ignore line: [Thread model: posix]
  ignore line: [Supported LTO compression algorithms: zlib zstd]
  ignore line: [gcc version 12.2.0 (GCC) ]
  ignore line: [COMPILER_PATH=/usr/lib64/gcc/x86_64-unknown-linux-gnu/12.2.0/:/usr/lib64/gcc/x86_64-unknown-linux-gnu/12.2.0/:/usr/lib64/gcc/x86_64-unknown-linux-gnu/:/usr/lib64/gcc/x86_64-unknown-linux-gnu/12.2.0/:/usr/lib64/gcc/x86_64-unknown-linux-gnu/]
  ignore line: [LIBRARY_PATH=/usr/lib64/gcc/x86_64-unknown-linux-gnu/12.2.0/:/usr/lib64/gcc/x86_64-unknown-linux-gnu/12.2.0/../../../../lib64/:/lib/../lib64/:/usr/lib/../lib64/:/usr/lib64/gcc/x86_64-unknown-linux-gnu/12.2.0/../../../:/lib/:/usr/lib/]
  ignore line: [COLLECT_GCC_OPTIONS='-v' '-o' 'cmTC_3275c' '-mtune=generic' '-march=x86-64' '-dumpdir' 'cmTC_3275c.']
  link line: [ /usr/lib64/gcc/x86_64-unknown-linux-gnu/12.2.0/collect2 -plugin /usr/lib64/gcc/x86_64-unknown-linux-gnu/12.2.0/liblto_plugin.so -plugin-opt=/usr/lib64/gcc/x86_64-unknown-linux-gnu/12.2.0/lto-wrapper -plugin-opt=-fresolution=/tmp/ccUhj9V5.res -plugin-opt=-pass-through=-lgcc -plugin-opt=-pass-through=-lgcc_s -plugin-opt=-pass-through=-lc -plugin-opt=-pass-through=-lgcc -plugin-opt=-pass-through=-lgcc_s --build-id --eh-frame-hdr --hash-style=gnu -m elf_x86_64 -dynamic-linker /lib64/ld-linux-x86-64.so.2 -pie -o cmTC_3275c /usr/lib64/gcc/x86_64-unknown-linux-gnu/12.2.0/../../../../lib64/Scrt1.o /usr/lib64/gcc/x86_64-unknown-linux-gnu/12.2.0/../../../../lib64/crti.o /usr/lib64/gcc/x86_64-unknown-linux-gnu/12.2.0/crtbeginS.o -L/usr/lib64/gcc/x86_64-unknown-linux-gnu/12.2.0 -L/usr/lib64/gcc/x86_64-unknown-linux-gnu/12.2.0/../../../../lib64 -L/lib/../lib64 -L/usr/lib/../lib64 -L/usr/lib64/gcc/x86_64-unknown-linux-gnu/12.2.0/../../.. CMakeFiles/cmTC_3275c.dir/CMakeCCompilerABI.c.o -lgcc --push-state --as-needed -lgcc_s --pop-state -lc -lgcc --push-state --as-needed -lgcc_s --pop-state /usr/lib64/gcc/x86_64-unknown-linux-gnu/12.2.0/crtendS.o /usr/lib64/gcc/x86_64-unknown-linux-gnu/12.2.0/../../../../lib64/crtn.o]
    arg [/usr/lib64/gcc/x86_64-unknown-linux-gnu/12.2.0/collect2] ==> ignore
    arg [-plugin] ==> ignore
    arg [/usr/lib64/gcc/x86_64-unknown-linux-gnu/12.2.0/liblto_plugin.so] ==> ignore
    arg [-plugin-opt=/usr/lib64/gcc/x86_64-unknown-linux-gnu/12.2.0/lto-wrapper] ==> ignore
    arg [-plugin-opt=-fresolution=/tmp/ccUhj9V5.res] ==> ignore
    arg [-plugin-opt=-pass-through=-lgcc] ==> ignore
    arg [-plugin-opt=-pass-through=-lgcc_s] ==> ignore
    arg [-plugin-opt=-pass-through=-lc] ==> ignore
    arg [-plugin-opt=-pass-through=-lgcc] ==> ignore
    arg [-plugin-opt=-pass-through=-lgcc_s] ==> ignore
    arg [--build-id] ==> ignore
    arg [--eh-frame-hdr] ==> ignore
    arg [--hash-style=gnu] ==> ignore
    arg [-m] ==> ignore
    arg [elf_x86_64] ==> ignore
    arg [-dynamic-linker] ==> ignore
    arg [/lib64/ld-linux-x86-64.so.2] ==> ignore
    arg [-pie] ==> ignore
    arg [-o] ==> ignore
    arg [cmTC_3275c] ==> ignore
    arg [/usr/lib64/gcc/x86_64-unknown-linux-gnu/12.2.0/../../../../lib64/Scrt1.o] ==> obj [/usr/lib64/gcc/x86_64-unknown-linux-gnu/12.2.0/../../../../lib64/Scrt1.o]
    arg [/usr/lib64/gcc/x86_64-unknown-linux-gnu/12.2.0/../../../../lib64/crti.o] ==> obj [/usr/lib64/gcc/x86_64-unknown-linux-gnu/12.2.0/../../../../lib64/crti.o]
    arg [/usr/lib64/gcc/x86_64-unknown-linux-gnu/12.2.0/crtbeginS.o] ==> obj [/usr/lib64/gcc/x86_64-unknown-linux-gnu/12.2.0/crtbeginS.o]
    arg [-L/usr/lib64/gcc/x86_64-unknown-linux-gnu/12.2.0] ==> dir [/usr/lib64/gcc/x86_64-unknown-linux-gnu/12.2.0]
    arg [-L/usr/lib64/gcc/x86_64-unknown-linux-gnu/12.2.0/../../../../lib64] ==> dir [/usr/lib64/gcc/x86_64-unknown-linux-gnu/12.2.0/../../../../lib64]
    arg [-L/lib/../lib64] ==> dir [/lib/../lib64]
    arg [-L/usr/lib/../lib64] ==> dir [/usr/lib/../lib64]
    arg [-L/usr/lib64/gcc/x86_64-unknown-linux-gnu/12.2.0/../../..] ==> dir [/usr/lib64/gcc/x86_64-unknown-linux-gnu/12.2.0/../../..]
    arg [CMakeFiles/cmTC_3275c.dir/CMakeCCompilerABI.c.o] ==> ignore
    arg [-lgcc] ==> lib [gcc]
    arg [--push-state] ==> ignore
    arg [--as-needed] ==> ignore
    arg [-lgcc_s] ==> lib [gcc_s]
    arg [--pop-state] ==> ignore
    arg [-lc] ==> lib [c]
    arg [-lgcc] ==> lib [gcc]
    arg [--push-state] ==> ignore
    arg [--as-needed] ==> ignore
    arg [-lgcc_s] ==> lib [gcc_s]
    arg [--pop-state] ==> ignore
    arg [/usr/lib64/gcc/x86_64-unknown-linux-gnu/12.2.0/crtendS.o] ==> obj [/usr/lib64/gcc/x86_64-unknown-linux-gnu/12.2.0/crtendS.o]
    arg [/usr/lib64/gcc/x86_64-unknown-linux-gnu/12.2.0/../../../../lib64/crtn.o] ==> obj [/usr/lib64/gcc/x86_64-unknown-linux-gnu/12.2.0/../../../../lib64/crtn.o]
  collapse obj [/usr/lib64/gcc/x86_64-unknown-linux-gnu/12.2.0/../../../../lib64/Scrt1.o] ==> [/usr/lib64/Scrt1.o]
  collapse obj [/usr/lib64/gcc/x86_64-unknown-linux-gnu/12.2.0/../../../../lib64/crti.o] ==> [/usr/lib64/crti.o]
  collapse obj [/usr/lib64/gcc/x86_64-unknown-linux-gnu/12.2.0/../../../../lib64/crtn.o] ==> [/usr/lib64/crtn.o]
  collapse library dir [/usr/lib64/gcc/x86_64-unknown-linux-gnu/12.2.0] ==> [/usr/lib64/gcc/x86_64-unknown-linux-gnu/12.2.0]
  collapse library dir [/usr/lib64/gcc/x86_64-unknown-linux-gnu/12.2.0/../../../../lib64] ==> [/usr/lib64]
  collapse library dir [/lib/../lib64] ==> [/lib64]
  collapse library dir [/usr/lib/../lib64] ==> [/usr/lib64]
  collapse library dir [/usr/lib64/gcc/x86_64-unknown-linux-gnu/12.2.0/../../..] ==> [/usr/lib64]
  implicit libs: [gcc;gcc_s;c;gcc;gcc_s]
  implicit objs: [/usr/lib64/Scrt1.o;/usr/lib64/crti.o;/usr/lib64/gcc/x86_64-unknown-linux-gnu/12.2.0/crtbeginS.o;/usr/lib64/gcc/x86_64-unknown-linux-gnu/12.2.0/crtendS.o;/usr/lib64/crtn.o]
  implicit dirs: [/usr/lib64/gcc/x86_64-unknown-linux-gnu/12.2.0;/usr/lib64;/lib64]
  implicit fwks: []


Detecting CXX compiler ABI info compiled with the following output:
Change Dir: /home/gary/repos/mbms/util/build/CMakeFiles/CMakeScratch/TryCompile-YrX9Jy

Run Build Command(s):/bin/make -f Makefile cmTC_2eab2/fast && /bin/make  -f CMakeFiles/cmTC_2eab2.dir/build.make CMakeFiles/cmTC_2eab2.dir/build
make[1]: Entering directory '/home/gary/repos/mbms/util/build/CMakeFiles/CMakeScratch/TryCompile-YrX9Jy'
Building CXX object CMakeFiles/cmTC_2eab2.dir/CMakeCXXCompilerABI.cpp.o
/bin/c++   -v -o CMakeFiles/cmTC_2eab2.dir/CMakeCXXCompilerABI.cpp.o -c /usr/share/cmake-3.25/Modules/CMakeCXXCompilerABI.cpp
Using built-in specs.
COLLECT_GCC=/bin/c++
Target: x86_64-unknown-linux-gnu
Configured with: /builddir/gcc-12.2.0/configure --build=x86_64-unknown-linux-gnu --enable-gnu-unique-object --enable-vtable-verify --prefix=/usr --mandir=/usr/share/man --infodir=/usr/share/info --libexecdir=/usr/lib64 --libdir=/usr/lib64 --enable-threads=posix --enable-__cxa_atexit --disable-multilib --with-system-zlib --enable-shared --enable-lto --enable-plugins --enable-linker-build-id --disable-werror --disable-nls --enable-default-pie --enable-default-ssp --enable-checking=release --disable-libstdcxx-pch --with-isl --with-linker-hash-style=gnu --disable-sjlj-exceptions --disable-target-libiberty --enable-languages=c,c++,objc,obj-c++,fortran,lto,go,ada
Thread model: posix
Supported LTO compression algorithms: zlib zstd
gcc version 12.2.0 (GCC) 
COLLECT_GCC_OPTIONS='-v' '-o' 'CMakeFiles/cmTC_2eab2.dir/CMakeCXXCompilerABI.cpp.o' '-c' '-shared-libgcc' '-mtune=generic' '-march=x86-64' '-dumpdir' 'CMakeFiles/cmTC_2eab2.dir/'
 /usr/lib64/gcc/x86_64-unknown-linux-gnu/12.2.0/cc1plus -quiet -v -D_GNU_SOURCE /usr/share/cmake-3.25/Modules/CMakeCXXCompilerABI.cpp -quiet -dumpdir CMakeFiles/cmTC_2eab2.dir/ -dumpbase CMakeCXXCompilerABI.cpp.cpp -dumpbase-ext .cpp -mtune=generic -march=x86-64 -version -o /tmp/ccFRCmCu.s
GNU C++17 (GCC) version 12.2.0 (x86_64-unknown-linux-gnu)
	compiled by GNU C version 12.2.0, GMP version 6.2.1, MPFR version 4.1.0, MPC version 1.2.1, isl version isl-0.24-GMP

GGC heuristics: --param ggc-min-expand=100 --param ggc-min-heapsize=131072
ignoring nonexistent directory "/usr/lib64/gcc/x86_64-unknown-linux-gnu/12.2.0/../../../../x86_64-unknown-linux-gnu/include"
#include "..." search starts here:
#include <...> search starts here:
 /usr/lib64/gcc/x86_64-unknown-linux-gnu/12.2.0/../../../../include/c++/12.2.0
 /usr/lib64/gcc/x86_64-unknown-linux-gnu/12.2.0/../../../../include/c++/12.2.0/x86_64-unknown-linux-gnu
 /usr/lib64/gcc/x86_64-unknown-linux-gnu/12.2.0/../../../../include/c++/12.2.0/backward
 /usr/lib64/gcc/x86_64-unknown-linux-gnu/12.2.0/include
 /usr/local/include
 /usr/lib64/gcc/x86_64-unknown-linux-gnu/12.2.0/include-fixed
 /usr/include
End of search list.
GNU C++17 (GCC) version 12.2.0 (x86_64-unknown-linux-gnu)
	compiled by GNU C version 12.2.0, GMP version 6.2.1, MPFR version 4.1.0, MPC version 1.2.1, isl version isl-0.24-GMP

GGC heuristics: --param ggc-min-expand=100 --param ggc-min-heapsize=131072
Compiler executable checksum: 22da9c918e1b3bbace9ea24fcb1f6f5e
COLLECT_GCC_OPTIONS='-v' '-o' 'CMakeFiles/cmTC_2eab2.dir/CMakeCXXCompilerABI.cpp.o' '-c' '-shared-libgcc' '-mtune=generic' '-march=x86-64' '-dumpdir' 'CMakeFiles/cmTC_2eab2.dir/'
 as -v --64 -o CMakeFiles/cmTC_2eab2.dir/CMakeCXXCompilerABI.cpp.o /tmp/ccFRCmCu.s
GNU assembler version 2.39 (x86_64-unknown-linux-gnu) using BFD version (GNU Binutils) 2.39
COMPILER_PATH=/usr/lib64/gcc/x86_64-unknown-linux-gnu/12.2.0/:/usr/lib64/gcc/x86_64-unknown-linux-gnu/12.2.0/:/usr/lib64/gcc/x86_64-unknown-linux-gnu/:/usr/lib64/gcc/x86_64-unknown-linux-gnu/12.2.0/:/usr/lib64/gcc/x86_64-unknown-linux-gnu/
LIBRARY_PATH=/usr/lib64/gcc/x86_64-unknown-linux-gnu/12.2.0/:/usr/lib64/gcc/x86_64-unknown-linux-gnu/12.2.0/../../../../lib64/:/lib/../lib64/:/usr/lib/../lib64/:/usr/lib64/gcc/x86_64-unknown-linux-gnu/12.2.0/../../../:/lib/:/usr/lib/
COLLECT_GCC_OPTIONS='-v' '-o' 'CMakeFiles/cmTC_2eab2.dir/CMakeCXXCompilerABI.cpp.o' '-c' '-shared-libgcc' '-mtune=generic' '-march=x86-64' '-dumpdir' 'CMakeFiles/cmTC_2eab2.dir/CMakeCXXCompilerABI.cpp.'
Linking CXX executable cmTC_2eab2
/usr/bin/cmake -E cmake_link_script CMakeFiles/cmTC_2eab2.dir/link.txt --verbose=1
/bin/c++  -v CMakeFiles/cmTC_2eab2.dir/CMakeCXXCompilerABI.cpp.o -o cmTC_2eab2 
Using built-in specs.
COLLECT_GCC=/bin/c++
COLLECT_LTO_WRAPPER=/usr/lib64/gcc/x86_64-unknown-linux-gnu/12.2.0/lto-wrapper
Target: x86_64-unknown-linux-gnu
Configured with: /builddir/gcc-12.2.0/configure --build=x86_64-unknown-linux-gnu --enable-gnu-unique-object --enable-vtable-verify --prefix=/usr --mandir=/usr/share/man --infodir=/usr/share/info --libexecdir=/usr/lib64 --libdir=/usr/lib64 --enable-threads=posix --enable-__cxa_atexit --disable-multilib --with-system-zlib --enable-shared --enable-lto --enable-plugins --enable-linker-build-id --disable-werror --disable-nls --enable-default-pie --enable-default-ssp --enable-checking=release --disable-libstdcxx-pch --with-isl --with-linker-hash-style=gnu --disable-sjlj-exceptions --disable-target-libiberty --enable-languages=c,c++,objc,obj-c++,fortran,lto,go,ada
Thread model: posix
Supported LTO compression algorithms: zlib zstd
gcc version 12.2.0 (GCC) 
COMPILER_PATH=/usr/lib64/gcc/x86_64-unknown-linux-gnu/12.2.0/:/usr/lib64/gcc/x86_64-unknown-linux-gnu/12.2.0/:/usr/lib64/gcc/x86_64-unknown-linux-gnu/:/usr/lib64/gcc/x86_64-unknown-linux-gnu/12.2.0/:/usr/lib64/gcc/x86_64-unknown-linux-gnu/
LIBRARY_PATH=/usr/lib64/gcc/x86_64-unknown-linux-gnu/12.2.0/:/usr/lib64/gcc/x86_64-unknown-linux-gnu/12.2.0/../../../../lib64/:/lib/../lib64/:/usr/lib/../lib64/:/usr/lib64/gcc/x86_64-unknown-linux-gnu/12.2.0/../../../:/lib/:/usr/lib/
COLLECT_GCC_OPTIONS='-v' '-o' 'cmTC_2eab2' '-shared-libgcc' '-mtune=generic' '-march=x86-64' '-dumpdir' 'cmTC_2eab2.'
 /usr/lib64/gcc/x86_64-unknown-linux-gnu/12.2.0/collect2 -plugin /usr/lib64/gcc/x86_64-unknown-linux-gnu/12.2.0/liblto_plugin.so -plugin-opt=/usr/lib64/gcc/x86_64-unknown-linux-gnu/12.2.0/lto-wrapper -plugin-opt=-fresolution=/tmp/ccw7QsM1.res -plugin-opt=-pass-through=-lgcc_s -plugin-opt=-pass-through=-lgcc -plugin-opt=-pass-through=-lc -plugin-opt=-pass-through=-lgcc_s -plugin-opt=-pass-through=-lgcc --build-id --eh-frame-hdr --hash-style=gnu -m elf_x86_64 -dynamic-linker /lib64/ld-linux-x86-64.so.2 -pie -o cmTC_2eab2 /usr/lib64/gcc/x86_64-unknown-linux-gnu/12.2.0/../../../../lib64/Scrt1.o /usr/lib64/gcc/x86_64-unknown-linux-gnu/12.2.0/../../../../lib64/crti.o /usr/lib64/gcc/x86_64-unknown-linux-gnu/12.2.0/crtbeginS.o -L/usr/lib64/gcc/x86_64-unknown-linux-gnu/12.2.0 -L/usr/lib64/gcc/x86_64-unknown-linux-gnu/12.2.0/../../../../lib64 -L/lib/../lib64 -L/usr/lib/../lib64 -L/usr/lib64/gcc/x86_64-unknown-linux-gnu/12.2.0/../../.. CMakeFiles/cmTC_2eab2.dir/CMakeCXXCompilerABI.cpp.o -lstdc++ -lm -lgcc_s -lgcc -lc -lgcc_s -lgcc /usr/lib64/gcc/x86_64-unknown-linux-gnu/12.2.0/crtendS.o /usr/lib64/gcc/x86_64-unknown-linux-gnu/12.2.0/../../../../lib64/crtn.o
COLLECT_GCC_OPTIONS='-v' '-o' 'cmTC_2eab2' '-shared-libgcc' '-mtune=generic' '-march=x86-64' '-dumpdir' 'cmTC_2eab2.'
make[1]: Leaving directory '/home/gary/repos/mbms/util/build/CMakeFiles/CMakeScratch/TryCompile-YrX9Jy'



Parsed CXX implicit include dir info from above output: rv=done
  found start of include info
  found start of implicit include info
    add: [/usr/lib64/gcc/x86_64-unknown-linux-gnu/12.2.0/../../../../include/c++/12.2.0]
    add: [/usr/lib64/gcc/x86_64-unknown-linux-gnu/12.2.0/../../../../include/c++/12.2.0/x86_64-unknown-linux-gnu]
    add: [/usr/lib64/gcc/x86_64-unknown-linux-gnu/12.2.0/../../../../include/c++/12.2.0/backward]
    add: [/usr/lib64/gcc/x86_64-unknown-linux-gnu/12.2.0/include]
    add: [/usr/local/include]
    add: [/usr/lib64/gcc/x86_64-unknown-linux-gnu/12.2.0/include-fixed]
    add: [/usr/include]
  end of search list found
  collapse include dir [/usr/lib64/gcc/x86_64-unknown-linux-gnu/12.2.0/../../../../include/c++/12.2.0] ==> [/usr/include/c++/12.2.0]
  collapse include dir [/usr/lib64/gcc/x86_64-unknown-linux-gnu/12.2.0/../../../../include/c++/12.2.0/x86_64-unknown-linux-gnu] ==> [/usr/include/c++/12.2.0/x86_64-unknown-linux-gnu]
  collapse include dir [/usr/lib64/gcc/x86_64-unknown-linux-gnu/12.2.0/../../../../include/c++/12.2.0/backward] ==> [/usr/include/c++/12.2.0/backward]
  collapse include dir [/usr/lib64/gcc/x86_64-unknown-linux-gnu/12.2.0/include] ==> [/usr/lib64/gcc/x86_64-unknown-linux-gnu/12.2.0/include]
  collapse include dir [/usr/local/include] ==> [/usr/local/include]
  collapse include dir [/usr/lib64/gcc/x86_64-unknown-linux-gnu/12.2.0/include-fixed] ==> [/usr/lib64/gcc/x86_64-unknown-linux-gnu/12.2.0/include-fixed]
  collapse include dir [/usr/include] ==> [/usr/include]
  implicit include dirs: [/usr/include/c++/12.2.0;/usr/include/c++/12.2.0/x86_64-unknown-linux-gnu;/usr/include/c++/12.2.0/backward;/usr/lib64/gcc/x86_64-unknown-linux-gnu/12.2.0/include;/usr/local/include;/usr/lib64/gcc/x86_64-unknown-linux-gnu/12.2.0/include-fixed;/usr/include]


Parsed CXX implicit link information from above output:
  link line regex: [^( *|.*[/\])(ld|CMAKE_LINK_STARTFILE-NOTFOUND|([^/\]+-)?ld|collect2)[^/\]*( |$)]
  ignore line: [Change Dir: /home/gary/repos/mbms/util/build/CMakeFiles/CMakeScratch/TryCompile-YrX9Jy]
  ignore line: []
  ignore line: [Run Build Command(s):/bin/make -f Makefile cmTC_2eab2/fast && /bin/make  -f CMakeFiles/cmTC_2eab2.dir/build.make CMakeFiles/cmTC_2eab2.dir/build]
  ignore line: [make[1]: Entering directory '/home/gary/repos/mbms/util/build/CMakeFiles/CMakeScratch/TryCompile-YrX9Jy']
  ignore line: [Building CXX object CMakeFiles/cmTC_2eab2.dir/CMakeCXXCompilerABI.cpp.o]
  ignore line: [/bin/c++   -v -o CMakeFiles/cmTC_2eab2.dir/CMakeCXXCompilerABI.cpp.o -c /usr/share/cmake-3.25/Modules/CMakeCXXCompilerABI.cpp]
  ignore line: [Using built-in specs.]
  ignore line: [COLLECT_GCC=/bin/c++]
  ignore line: [Target: x86_64-unknown-linux-gnu]
  ignore line: [Configured with: /builddir/gcc-12.2.0/configure --build=x86_64-unknown-linux-gnu --enable-gnu-unique-object --enable-vtable-verify --prefix=/usr --mandir=/usr/share/man --infodir=/usr/share/info --libexecdir=/usr/lib64 --libdir=/usr/lib64 --enable-threads=posix --enable-__cxa_atexit --disable-multilib --with-system-zlib --enable-shared --enable-lto --enable-plugins --enable-linker-build-id --disable-werror --disable-nls --enable-default-pie --enable-default-ssp --enable-checking=release --disable-libstdcxx-pch --with-isl --with-linker-hash-style=gnu --disable-sjlj-exceptions --disable-target-libiberty --enable-languages=c c++ objc obj-c++ fortran lto go ada]
  ignore line: [Thread model: posix]
  ignore line: [Supported LTO compression algorithms: zlib zstd]
  ignore line: [gcc version 12.2.0 (GCC) ]
  ignore line: [COLLECT_GCC_OPTIONS='-v' '-o' 'CMakeFiles/cmTC_2eab2.dir/CMakeCXXCompilerABI.cpp.o' '-c' '-shared-libgcc' '-mtune=generic' '-march=x86-64' '-dumpdir' 'CMakeFiles/cmTC_2eab2.dir/']
  ignore line: [ /usr/lib64/gcc/x86_64-unknown-linux-gnu/12.2.0/cc1plus -quiet -v -D_GNU_SOURCE /usr/share/cmake-3.25/Modules/CMakeCXXCompilerABI.cpp -quiet -dumpdir CMakeFiles/cmTC_2eab2.dir/ -dumpbase CMakeCXXCompilerABI.cpp.cpp -dumpbase-ext .cpp -mtune=generic -march=x86-64 -version -o /tmp/ccFRCmCu.s]
  ignore line: [GNU C++17 (GCC) version 12.2.0 (x86_64-unknown-linux-gnu)]
  ignore line: [	compiled by GNU C version 12.2.0  GMP version 6.2.1  MPFR version 4.1.0  MPC version 1.2.1  isl version isl-0.24-GMP]
  ignore line: []
  ignore line: [GGC heuristics: --param ggc-min-expand=100 --param ggc-min-heapsize=131072]
  ignore line: [ignoring nonexistent directory "/usr/lib64/gcc/x86_64-unknown-linux-gnu/12.2.0/../../../../x86_64-unknown-linux-gnu/include"]
  ignore line: [#include "..." search starts here:]
  ignore line: [#include <...> search starts here:]
  ignore line: [ /usr/lib64/gcc/x86_64-unknown-linux-gnu/12.2.0/../../../../include/c++/12.2.0]
  ignore line: [ /usr/lib64/gcc/x86_64-unknown-linux-gnu/12.2.0/../../../../include/c++/12.2.0/x86_64-unknown-linux-gnu]
  ignore line: [ /usr/lib64/gcc/x86_64-unknown-linux-gnu/12.2.0/../../../../include/c++/12.2.0/backward]
  ignore line: [ /usr/lib64/gcc/x86_64-unknown-linux-gnu/12.2.0/include]
  ignore line: [ /usr/local/include]
  ignore line: [ /usr/lib64/gcc/x86_64-unknown-linux-gnu/12.2.0/include-fixed]
  ignore line: [ /usr/include]
  ignore line: [End of search list.]
  ignore line: [GNU C++17 (GCC) version 12.2.0 (x86_64-unknown-linux-gnu)]
  ignore line: [	compiled by GNU C version 12.2.0  GMP version 6.2.1  MPFR version 4.1.0  MPC version 1.2.1  isl version isl-0.24-GMP]
  ignore line: []
  ignore line: [GGC heuristics: --param ggc-min-expand=100 --param ggc-min-heapsize=131072]
  ignore line: [Compiler executable checksum: 22da9c918e1b3bbace9ea24fcb1f6f5e]
  ignore line: [COLLECT_GCC_OPTIONS='-v' '-o' 'CMakeFiles/cmTC_2eab2.dir/CMakeCXXCompilerABI.cpp.o' '-c' '-shared-libgcc' '-mtune=generic' '-march=x86-64' '-dumpdir' 'CMakeFiles/cmTC_2eab2.dir/']
  ignore line: [ as -v --64 -o CMakeFiles/cmTC_2eab2.dir/CMakeCXXCompilerABI.cpp.o /tmp/ccFRCmCu.s]
  ignore line: [GNU assembler version 2.39 (x86_64-unknown-linux-gnu) using BFD version (GNU Binutils) 2.39]
  ignore line: [COMPILER_PATH=/usr/lib64/gcc/x86_64-unknown-linux-gnu/12.2.0/:/usr/lib64/gcc/x86_64-unknown-linux-gnu/12.2.0/:/usr/lib64/gcc/x86_64-unknown-linux-gnu/:/usr/lib64/gcc/x86_64-unknown-linux-gnu/12.2.0/:/usr/lib64/gcc/x86_64-unknown-linux-gnu/]
  ignore line: [LIBRARY_PATH=/usr/lib64/gcc/x86_64-unknown-linux-gnu/12.2.0/:/usr/lib64/gcc/x86_64-unknown-linux-gnu/12.2.0/../../../../lib64/:/lib/../lib64/:/usr/lib/../lib64/:/usr/lib64/gcc/x86_64-unknown-linux-gnu/12.2.0/../../../:/lib/:/usr/lib/]
  ignore line: [COLLECT_GCC_OPTIONS='-v' '-o' 'CMakeFiles/cmTC_2eab2.dir/CMakeCXXCompilerABI.cpp.o' '-c' '-shared-libgcc' '-mtune=generic' '-march=x86-64' '-dumpdir' 'CMakeFiles/cmTC_2eab2.dir/CMakeCXXCompilerABI.cpp.']
  ignore line: [Linking CXX executable cmTC_2eab2]
  ignore line: [/usr/bin/cmake -E cmake_link_script CMakeFiles/cmTC_2eab2.dir/link.txt --verbose=1]
  ignore line: [/bin/c++  -v CMakeFiles/cmTC_2eab2.dir/CMakeCXXCompilerABI.cpp.o -o cmTC_2eab2 ]
  ignore line: [Using built-in specs.]
  ignore line: [COLLECT_GCC=/bin/c++]
  ignore line: [COLLECT_LTO_WRAPPER=/usr/lib64/gcc/x86_64-unknown-linux-gnu/12.2.0/lto-wrapper]
  ignore line: [Target: x86_64-unknown-linux-gnu]
  ignore line: [Configured with: /builddir/gcc-12.2.0/configure --build=x86_64-unknown-linux-gnu --enable-gnu-unique-object --enable-vtable-verify --prefix=/usr --mandir=/usr/share/man --infodir=/usr/share/info --libexecdir=/usr/lib64 --libdir=/usr/lib64 --enable-threads=posix --enable-__cxa_atexit --disable-multilib --with-system-zlib --enable-shared --enable-lto --enable-plugins --enable-linker-build-id --disable-werror --disable-nls --enable-default-pie --enable-default-ssp --enable-checking=release --disable-libstdcxx-pch --with-isl --with-linker-hash-style=gnu --disable-sjlj-exceptions --disable-target-libiberty --enable-languages=c c++ objc obj-c++ fortran lto go ada]
  ignore line: [Thread model: posix]
  ignore line: [Supported LTO compression algorithms: zlib zstd]
  ignore line: [gcc version 12.2.0 (GCC) ]
  ignore line: [COMPILER_PATH=/usr/lib64/gcc/x86_64-unknown-linux-gnu/12.2.0/:/usr/lib64/gcc/x86_64-unknown-linux-gnu/12.2.0/:/usr/lib64/gcc/x86_64-unknown-linux-gnu/:/usr/lib64/gcc/x86_64-unknown-linux-gnu/12.2.0/:/usr/lib64/gcc/x86_64-unknown-linux-gnu/]
  ignore line: [LIBRARY_PATH=/usr/lib64/gcc/x86_64-unknown-linux-gnu/12.2.0/:/usr/lib64/gcc/x86_64-unknown-linux-gnu/12.2.0/../../../../lib64/:/lib/../lib64/:/usr/lib/../lib64/:/usr/lib64/gcc/x86_64-unknown-linux-gnu/12.2.0/../../../:/lib/:/usr/lib/]
  ignore line: [COLLECT_GCC_OPTIONS='-v' '-o' 'cmTC_2eab2' '-shared-libgcc' '-mtune=generic' '-march=x86-64' '-dumpdir' 'cmTC_2eab2.']
  link line: [ /usr/lib64/gcc/x86_64-unknown-linux-gnu/12.2.0/collect2 -plugin /usr/lib64/gcc/x86_64-unknown-linux-gnu/12.2.0/liblto_plugin.so -plugin-opt=/usr/lib64/gcc/x86_64-unknown-linux-gnu/12.2.0/lto-wrapper -plugin-opt=-fresolution=/tmp/ccw7QsM1.res -plugin-opt=-pass-through=-lgcc_s -plugin-opt=-pass-through=-lgcc -plugin-opt=-pass-through=-lc -plugin-opt=-pass-through=-lgcc_s -plugin-opt=-pass-through=-lgcc --build-id --eh-frame-hdr --hash-style=gnu -m elf_x86_64 -dynamic-linker /lib64/ld-linux-x86-64.so.2 -pie -o cmTC_2eab2 /usr/lib64/gcc/x86_64-unknown-linux-gnu/12.2.0/../../../../lib64/Scrt1.o /usr/lib64/gcc/x86_64-unknown-linux-gnu/12.2.0/../../../../lib64/crti.o /usr/lib64/gcc/x86_64-unknown-linux-gnu/12.2.0/crtbeginS.o -L/usr/lib64/gcc/x86_64-unknown-linux-gnu/12.2.0 -L/usr/lib64/gcc/x86_64-unknown-linux-gnu/12.2.0/../../../../lib64 -L/lib/../lib64 -L/usr/lib/../lib64 -L/usr/lib64/gcc/x86_64-unknown-linux-gnu/12.2.0/../../.. CMakeFiles/cmTC_2eab2.dir/CMakeCXXCompilerABI.cpp.o -lstdc++ -lm -lgcc_s -lgcc -lc -lgcc_s -lgcc /usr/lib64/gcc/x86_64-unknown-linux-gnu/12.2.0/crtendS.o /usr/lib64/gcc/x86_64-unknown-linux-gnu/12.2.0/../../../../lib64/crtn.o]
    arg [/usr/lib64/gcc/x86_64-unknown-linux-gnu/12.2.0/collect2] ==> ignore
    arg [-plugin] ==> ignore
    arg [/usr/lib64/gcc/x86_64-unknown-linux-gnu/12.2.0/liblto_plugin.so] ==> ignore
    arg [-plugin-opt=/usr/lib64/gcc/x86_64-unknown-linux-gnu/12.2.0/lto-wrapper] ==> ignore
    arg [-plugin-opt=-fresolution=/tmp/ccw7QsM1.res] ==> ignore
    arg [-plugin-opt=-pass-through=-lgcc_s] ==> ignore
    arg [-plugin-opt=-pass-through=-lgcc] ==> ignore
    arg [-plugin-opt=-pass-through=-lc] ==> ignore
    arg [-plugin-opt=-pass-through=-lgcc_s] ==> ignore
    arg [-plugin-opt=-pass-through=-lgcc] ==> ignore
    arg [--build-id] ==> ignore
    arg [--eh-frame-hdr] ==> ignore
    arg [--hash-style=gnu] ==> ignore
    arg [-m] ==> ignore
    arg [elf_x86_64] ==> ignore
    arg [-dynamic-linker] ==> ignore
    arg [/lib64/ld-linux-x86-64.so.2] ==> ignore
    arg [-pie] ==> ignore
    arg [-o] ==> ignore
    arg [cmTC_2eab2] ==> ignore
    arg [/usr/lib64/gcc/x86_64-unknown-linux-gnu/12.2.0/../../../../lib64/Scrt1.o] ==> obj [/usr/lib64/gcc/x86_64-unknown-linux-gnu/12.2.0/../../../../lib64/Scrt1.o]
    arg [/usr/lib64/gcc/x86_64-unknown-linux-gnu/12.2.0/../../../../lib64/crti.o] ==> obj [/usr/lib64/gcc/x86_64-unknown-linux-gnu/12.2.0/../../../../lib64/crti.o]
    arg [/usr/lib64/gcc/x86_64-unknown-linux-gnu/12.2.0/crtbeginS.o] ==> obj [/usr/lib64/gcc/x86_64-unknown-linux-gnu/12.2.0/crtbeginS.o]
    arg [-L/usr/lib64/gcc/x86_64-unknown-linux-gnu/12.2.0] ==> dir [/usr/lib64/gcc/x86_64-unknown-linux-gnu/12.2.0]
    arg [-L/usr/lib64/gcc/x86_64-unknown-linux-gnu/12.2.0/../../../../lib64] ==> dir [/usr/lib64/gcc/x86_64-unknown-linux-gnu/12.2.0/../../../../lib64]
    arg [-L/lib/../lib64] ==> dir [/lib/../lib64]
    arg [-L/usr/lib/../lib64] ==> dir [/usr/lib/../lib64]
    arg [-L/usr/lib64/gcc/x86_64-unknown-linux-gnu/12.2.0/../../..] ==> dir [/usr/lib64/gcc/x86_64-unknown-linux-gnu/12.2.0/../../..]
    arg [CMakeFiles/cmTC_2eab2.dir/CMakeCXXCompilerABI.cpp.o] ==> ignore
    arg [-lstdc++] ==> lib [stdc++]
    arg [-lm] ==> lib [m]
    arg [-lgcc_s] ==> lib [gcc_s]
    arg [-lgcc] ==> lib [gcc]
    arg [-lc] ==> lib [c]
    arg [-lgcc_s] ==> lib [gcc_s]
    arg [-lgcc] ==> lib [gcc]
    arg [/usr/lib64/gcc/x86_64-unknown-linux-gnu/12.2.0/crtendS.o] ==> obj [/usr/lib64/gcc/x86_64-unknown-linux-gnu/12.2.0/crtendS.o]
    arg [/usr/lib64/gcc/x86_64-unknown-linux-gnu/12.2.0/../../../../lib64/crtn.o] ==> obj [/usr/lib64/gcc/x86_64-unknown-linux-gnu/12.2.0/../../../../lib64/crtn.o]
  collapse obj [/usr/lib64/gcc/x86_64-unknown-linux-gnu/12.2.0/../../../../lib64/Scrt1.o] ==> [/usr/lib64/Scrt1.o]
  collapse obj [/usr/lib64/gcc/x86_64-unknown-linux-gnu/12.2.0/../../../../lib64/crti.o] ==> [/usr/lib64/crti.o]
  collapse obj [/usr/lib64/gcc/x86_64-unknown-linux-gnu/12.2.0/../../../../lib64/crtn.o] ==> [/usr/lib64/crtn.o]
  collapse library dir [/usr/lib64/gcc/x86_64-unknown-linux-gnu/12.2.0] ==> [/usr/lib64/gcc/x86_64-unknown-linux-gnu/12.2.0]
  collapse library dir [/usr/lib64/gcc/x86_64-unknown-linux-gnu/12.2.0/../../../../lib64] ==> [/usr/lib64]
  collapse library dir [/lib/../lib64] ==> [/lib64]
  collapse library dir [/usr/lib/../lib64] ==> [/usr/lib64]
  collapse library dir [/usr/lib64/gcc/x86_64-unknown-linux-gnu/12.2.0/../../..] ==> [/usr/lib64]
  implicit libs: [stdc++;m;gcc_s;gcc;c;gcc_s;gcc]
  implicit objs: [/usr/lib64/Scrt1.o;/usr/lib64/crti.o;/usr/lib64/gcc/x86_64-unknown-linux-gnu/12.2.0/crtbeginS.o;/usr/lib64/gcc/x86_64-unknown-linux-gnu/12.2.0/crtendS.o;/usr/lib64/crtn.o]
  implicit dirs: [/usr/lib64/gcc/x86_64-unknown-linux-gnu/12.2.0;/usr/lib64;/lib64]
  implicit fwks: []


